have_func: checking for mysql_ssl_set()... -------------------- yes

"cc -o conftest -I/Users/toddbealmear/.rbenv/versions/1.9.3-p125/include/ruby-1.9.1/x86_64-darwin11.3.0 -I/Users/toddbealmear/.rbenv/versions/1.9.3-p125/include/ruby-1.9.1/ruby/backward -I/Users/toddbealmear/.rbenv/versions/1.9.3-p125/include/ruby-1.9.1 -I. -I'/Users/toddbealmear/.rbenv/versions/1.9.3-p125/include'  -D_XOPEN_SOURCE -D_DARWIN_C_SOURCE  -I'/Users/toddbealmear/.rbenv/versions/1.9.3-p125/include'  -I/usr/local/Cellar/mysql-connector-c/6.0.2/include  -O3 -ggdb -Wextra -Wno-unused-parameter -Wno-parentheses -Wno-long-long -Wno-missing-field-initializers -Wpointer-arith -Wwrite-strings -Wdeclaration-after-statement -Wshorten-64-to-32 -Wimplicit-function-declaration  -pipe conftest.c  -L. -L/Users/toddbealmear/.rbenv/versions/1.9.3-p125/lib -L. -L'/Users/toddbealmear/.rbenv/versions/1.9.3-p125/lib'     -L/usr/local/Cellar/mysql-connector-c/6.0.2/lib -lmysql  -lruby-static  -lpthread -ldl -lobjc "
clang: warning: argument unused during compilation: '-ggdb'
checked program was:
/* begin */
1: #include "ruby.h"
2: 
3: int main() {return 0;}
/* end */

"cc -o conftest -I/Users/toddbealmear/.rbenv/versions/1.9.3-p125/include/ruby-1.9.1/x86_64-darwin11.3.0 -I/Users/toddbealmear/.rbenv/versions/1.9.3-p125/include/ruby-1.9.1/ruby/backward -I/Users/toddbealmear/.rbenv/versions/1.9.3-p125/include/ruby-1.9.1 -I. -I'/Users/toddbealmear/.rbenv/versions/1.9.3-p125/include'  -D_XOPEN_SOURCE -D_DARWIN_C_SOURCE  -I'/Users/toddbealmear/.rbenv/versions/1.9.3-p125/include'  -I/usr/local/Cellar/mysql-connector-c/6.0.2/include  -O3 -ggdb -Wextra -Wno-unused-parameter -Wno-parentheses -Wno-long-long -Wno-missing-field-initializers -Wpointer-arith -Wwrite-strings -Wdeclaration-after-statement -Wshorten-64-to-32 -Wimplicit-function-declaration  -pipe conftest.c  -L. -L/Users/toddbealmear/.rbenv/versions/1.9.3-p125/lib -L. -L'/Users/toddbealmear/.rbenv/versions/1.9.3-p125/lib'     -L/usr/local/Cellar/mysql-connector-c/6.0.2/lib -lmysql  -lruby-static -L/usr/local/Cellar/mysql-connector-c/6.0.2/lib -lmysql  -lpthread -ldl -lobjc "
clang: warning: argument unused during compilation: '-ggdb'
conftest.c:5:53: error: use of undeclared identifier 'mysql_ssl_set'
int t() { void ((*volatile p)()); p = (void ((*)()))mysql_ssl_set; return 0; }
                                                    ^
1 error generated.
checked program was:
/* begin */
1: #include "ruby.h"
2: 
3: /*top*/
4: int main() {return 0;}
5: int t() { void ((*volatile p)()); p = (void ((*)()))mysql_ssl_set; return 0; }
/* end */

"cc -o conftest -I/Users/toddbealmear/.rbenv/versions/1.9.3-p125/include/ruby-1.9.1/x86_64-darwin11.3.0 -I/Users/toddbealmear/.rbenv/versions/1.9.3-p125/include/ruby-1.9.1/ruby/backward -I/Users/toddbealmear/.rbenv/versions/1.9.3-p125/include/ruby-1.9.1 -I. -I'/Users/toddbealmear/.rbenv/versions/1.9.3-p125/include'  -D_XOPEN_SOURCE -D_DARWIN_C_SOURCE  -I'/Users/toddbealmear/.rbenv/versions/1.9.3-p125/include'  -I/usr/local/Cellar/mysql-connector-c/6.0.2/include  -O3 -ggdb -Wextra -Wno-unused-parameter -Wno-parentheses -Wno-long-long -Wno-missing-field-initializers -Wpointer-arith -Wwrite-strings -Wdeclaration-after-statement -Wshorten-64-to-32 -Wimplicit-function-declaration  -pipe conftest.c  -L. -L/Users/toddbealmear/.rbenv/versions/1.9.3-p125/lib -L. -L'/Users/toddbealmear/.rbenv/versions/1.9.3-p125/lib'     -L/usr/local/Cellar/mysql-connector-c/6.0.2/lib -lmysql  -lruby-static -L/usr/local/Cellar/mysql-connector-c/6.0.2/lib -lmysql  -lpthread -ldl -lobjc "
clang: warning: argument unused during compilation: '-ggdb'
conftest.c:5:11: warning: implicit declaration of function 'mysql_ssl_set' is invalid in C99 [-Wimplicit-function-declaration]
int t() { mysql_ssl_set(); return 0; }
          ^
1 warning generated.
checked program was:
/* begin */
1: #include "ruby.h"
2: 
3: /*top*/
4: int main() {return 0;}
5: int t() { mysql_ssl_set(); return 0; }
/* end */

--------------------

have_func: checking for rb_str_set_len()... -------------------- yes

"cc -o conftest -I/Users/toddbealmear/.rbenv/versions/1.9.3-p125/include/ruby-1.9.1/x86_64-darwin11.3.0 -I/Users/toddbealmear/.rbenv/versions/1.9.3-p125/include/ruby-1.9.1/ruby/backward -I/Users/toddbealmear/.rbenv/versions/1.9.3-p125/include/ruby-1.9.1 -I. -I'/Users/toddbealmear/.rbenv/versions/1.9.3-p125/include'  -D_XOPEN_SOURCE -D_DARWIN_C_SOURCE  -I'/Users/toddbealmear/.rbenv/versions/1.9.3-p125/include'  -I/usr/local/Cellar/mysql-connector-c/6.0.2/include  -O3 -ggdb -Wextra -Wno-unused-parameter -Wno-parentheses -Wno-long-long -Wno-missing-field-initializers -Wpointer-arith -Wwrite-strings -Wdeclaration-after-statement -Wshorten-64-to-32 -Wimplicit-function-declaration  -pipe conftest.c  -L. -L/Users/toddbealmear/.rbenv/versions/1.9.3-p125/lib -L. -L'/Users/toddbealmear/.rbenv/versions/1.9.3-p125/lib'     -L/usr/local/Cellar/mysql-connector-c/6.0.2/lib -lmysql  -lruby-static -L/usr/local/Cellar/mysql-connector-c/6.0.2/lib -lmysql  -lpthread -ldl -lobjc "
clang: warning: argument unused during compilation: '-ggdb'
checked program was:
/* begin */
1: #include "ruby.h"
2: 
3: /*top*/
4: int main() {return 0;}
5: int t() { void ((*volatile p)()); p = (void ((*)()))rb_str_set_len; return 0; }
/* end */

--------------------

have_func: checking for rb_thread_start_timer()... -------------------- no

"cc -o conftest -I/Users/toddbealmear/.rbenv/versions/1.9.3-p125/include/ruby-1.9.1/x86_64-darwin11.3.0 -I/Users/toddbealmear/.rbenv/versions/1.9.3-p125/include/ruby-1.9.1/ruby/backward -I/Users/toddbealmear/.rbenv/versions/1.9.3-p125/include/ruby-1.9.1 -I. -I'/Users/toddbealmear/.rbenv/versions/1.9.3-p125/include'  -D_XOPEN_SOURCE -D_DARWIN_C_SOURCE  -I'/Users/toddbealmear/.rbenv/versions/1.9.3-p125/include'  -I/usr/local/Cellar/mysql-connector-c/6.0.2/include  -O3 -ggdb -Wextra -Wno-unused-parameter -Wno-parentheses -Wno-long-long -Wno-missing-field-initializers -Wpointer-arith -Wwrite-strings -Wdeclaration-after-statement -Wshorten-64-to-32 -Wimplicit-function-declaration  -pipe conftest.c  -L. -L/Users/toddbealmear/.rbenv/versions/1.9.3-p125/lib -L. -L'/Users/toddbealmear/.rbenv/versions/1.9.3-p125/lib'     -L/usr/local/Cellar/mysql-connector-c/6.0.2/lib -lmysql  -lruby-static -L/usr/local/Cellar/mysql-connector-c/6.0.2/lib -lmysql  -lpthread -ldl -lobjc "
clang: warning: argument unused during compilation: '-ggdb'
conftest.c:5:53: error: use of undeclared identifier 'rb_thread_start_timer'; did you mean 'rb_thread_wait_for'?
int t() { void ((*volatile p)()); p = (void ((*)()))rb_thread_start_timer; return 0; }
                                                    ^~~~~~~~~~~~~~~~~~~~~
                                                    rb_thread_wait_for
/Users/toddbealmear/.rbenv/versions/1.9.3-p125/include/ruby-1.9.1/ruby/intern.h:381:6: note: 'rb_thread_wait_for' declared here
void rb_thread_wait_for(struct timeval);
     ^
1 error generated.
checked program was:
/* begin */
1: #include "ruby.h"
2: 
3: /*top*/
4: int main() {return 0;}
5: int t() { void ((*volatile p)()); p = (void ((*)()))rb_thread_start_timer; return 0; }
/* end */

"cc -o conftest -I/Users/toddbealmear/.rbenv/versions/1.9.3-p125/include/ruby-1.9.1/x86_64-darwin11.3.0 -I/Users/toddbealmear/.rbenv/versions/1.9.3-p125/include/ruby-1.9.1/ruby/backward -I/Users/toddbealmear/.rbenv/versions/1.9.3-p125/include/ruby-1.9.1 -I. -I'/Users/toddbealmear/.rbenv/versions/1.9.3-p125/include'  -D_XOPEN_SOURCE -D_DARWIN_C_SOURCE  -I'/Users/toddbealmear/.rbenv/versions/1.9.3-p125/include'  -I/usr/local/Cellar/mysql-connector-c/6.0.2/include  -O3 -ggdb -Wextra -Wno-unused-parameter -Wno-parentheses -Wno-long-long -Wno-missing-field-initializers -Wpointer-arith -Wwrite-strings -Wdeclaration-after-statement -Wshorten-64-to-32 -Wimplicit-function-declaration  -pipe conftest.c  -L. -L/Users/toddbealmear/.rbenv/versions/1.9.3-p125/lib -L. -L'/Users/toddbealmear/.rbenv/versions/1.9.3-p125/lib'     -L/usr/local/Cellar/mysql-connector-c/6.0.2/lib -lmysql  -lruby-static -L/usr/local/Cellar/mysql-connector-c/6.0.2/lib -lmysql  -lpthread -ldl -lobjc "
clang: warning: argument unused during compilation: '-ggdb'
conftest.c:5:11: warning: implicit declaration of function 'rb_thread_start_timer' is invalid in C99 [-Wimplicit-function-declaration]
int t() { rb_thread_start_timer(); return 0; }
          ^
1 warning generated.
Undefined symbols for architecture x86_64:
  "_rb_thread_start_timer", referenced from:
      _t in conftest-myIf14.o
ld: symbol(s) not found for architecture x86_64
clang: error: linker command failed with exit code 1 (use -v to see invocation)
checked program was:
/* begin */
1: #include "ruby.h"
2: 
3: /*top*/
4: int main() {return 0;}
5: int t() { rb_thread_start_timer(); return 0; }
/* end */

--------------------

have_header: checking for mysql.h... -------------------- yes

"cc -E -I/Users/toddbealmear/.rbenv/versions/1.9.3-p125/include/ruby-1.9.1/x86_64-darwin11.3.0 -I/Users/toddbealmear/.rbenv/versions/1.9.3-p125/include/ruby-1.9.1/ruby/backward -I/Users/toddbealmear/.rbenv/versions/1.9.3-p125/include/ruby-1.9.1 -I. -I'/Users/toddbealmear/.rbenv/versions/1.9.3-p125/include'  -D_XOPEN_SOURCE -D_DARWIN_C_SOURCE  -I'/Users/toddbealmear/.rbenv/versions/1.9.3-p125/include'  -I/usr/local/Cellar/mysql-connector-c/6.0.2/include  -O3 -ggdb -Wextra -Wno-unused-parameter -Wno-parentheses -Wno-long-long -Wno-missing-field-initializers -Wpointer-arith -Wwrite-strings -Wdeclaration-after-statement -Wshorten-64-to-32 -Wimplicit-function-declaration  -pipe  conftest.c -o conftest.i"
clang: warning: argument unused during compilation: '-ggdb'
checked program was:
/* begin */
1: #include "ruby.h"
2: 
3: #include <mysql.h>
/* end */

--------------------

